#
# There is insufficient memory for the Java Runtime Environment to continue.
# Native memory allocation (malloc) failed to allocate 1198096 bytes for Chunk::new
# Possible reasons:
#   The system is out of physical RAM or swap space
#   In 32 bit mode, the process size limit was hit
# Possible solutions:
#   Reduce memory load on the system
#   Increase physical memory or swap space
#   Check if swap backing store is full
#   Use 64 bit Java on a 64 bit OS
#   Decrease Java heap size (-Xmx/-Xms)
#   Decrease number of Java threads
#   Decrease Java thread stack sizes (-Xss)
#   Set larger code cache with -XX:ReservedCodeCacheSize=
# This output file may be truncated or incomplete.
#
#  Out of Memory Error (allocation.cpp:388), pid=7412, tid=3252
#
# JRE version: Java(TM) SE Runtime Environment (8.0_05-b13) (build 1.8.0_05-b13)
# Java VM: Java HotSpot(TM) 64-Bit Server VM (25.5-b02 mixed mode windows-amd64 compressed oops)
# Failed to write core dump. Minidumps are not enabled by default on client versions of Windows
#

---------------  T H R E A D  ---------------

Current thread (0x0000000012cf8800):  JavaThread "C2 CompilerThread1" daemon [_thread_in_native, id=3252, stack(0x0000000013400000,0x0000000013500000)]

Stack: [0x0000000013400000,0x0000000013500000]
Native frames: (J=compiled Java code, j=interpreted, Vv=VM code, C=native code)
V  [jvm.dll+0x308dea]
V  [jvm.dll+0x25def1]
V  [jvm.dll+0x25eb0f]
V  [jvm.dll+0x2564e5]
V  [jvm.dll+0xbcfc5]
V  [jvm.dll+0xbd45c]
V  [jvm.dll+0x468bac]
V  [jvm.dll+0x43638b]
V  [jvm.dll+0x44111e]
V  [jvm.dll+0x4436a9]
V  [jvm.dll+0x427532]
V  [jvm.dll+0x96702]
V  [jvm.dll+0x96ef3]
V  [jvm.dll+0x2232c4]
V  [jvm.dll+0x27baca]
C  [msvcr100.dll+0x21d9f]
C  [msvcr100.dll+0x21e3b]
C  [KERNEL32.DLL+0x17e94]
C  [ntdll.dll+0x67ad1]


Current CompileTask:
C2:   2734 2785       4       com.sun.xml.bind.v2.runtime.reflect.Accessor$FieldReflection::optimize (29 bytes)


---------------  P R O C E S S  ---------------

Java Threads: ( => current thread )
  0x0000000012d6d000 JavaThread "Service Thread" daemon [_thread_blocked, id=1440, stack(0x0000000013600000,0x0000000013700000)]
  0x0000000012cfa000 JavaThread "C1 CompilerThread2" daemon [_thread_blocked, id=5916, stack(0x0000000013500000,0x0000000013600000)]
=>0x0000000012cf8800 JavaThread "C2 CompilerThread1" daemon [_thread_in_native, id=3252, stack(0x0000000013400000,0x0000000013500000)]
  0x0000000012cf5800 JavaThread "C2 CompilerThread0" daemon [_thread_in_native, id=5224, stack(0x0000000013300000,0x0000000013400000)]
  0x0000000012cf3000 JavaThread "Attach Listener" daemon [_thread_blocked, id=3580, stack(0x0000000013200000,0x0000000013300000)]
  0x0000000012d00800 JavaThread "Signal Dispatcher" daemon [_thread_blocked, id=2868, stack(0x0000000013100000,0x0000000013200000)]
  0x0000000012cb1000 JavaThread "Finalizer" daemon [_thread_blocked, id=5888, stack(0x0000000013000000,0x0000000013100000)]
  0x0000000012caf800 JavaThread "Reference Handler" daemon [_thread_blocked, id=3388, stack(0x0000000012f00000,0x0000000013000000)]
  0x0000000002966800 JavaThread "main" [_thread_in_Java, id=3708, stack(0x0000000002830000,0x0000000002930000)]

Other Threads:
  0x0000000012ca9800 VMThread [stack: 0x0000000012e00000,0x0000000012f00000] [id=5928]
  0x0000000012d71000 WatcherThread [stack: 0x0000000013700000,0x0000000013800000] [id=1372]

VM state:not at safepoint (normal execution)

VM Mutex/Monitor currently owned by a thread: None

Heap:
 def new generation   total 1152K, used 867K [0x00000000a2400000, 0x00000000a2540000, 0x00000000c1800000)
  eden space 1024K,  79% used [0x00000000a2400000, 0x00000000a24d0768, 0x00000000a2500000)
  from space 128K,  89% used [0x00000000a2520000, 0x00000000a253c9e8, 0x00000000a2540000)
  to   space 128K,   0% used [0x00000000a2500000, 0x00000000a2500000, 0x00000000a2520000)
 tenured generation   total 160512K, used 34309K [0x00000000c1800000, 0x00000000cb4c0000, 0x0000000100000000)
   the space 160512K,  21% used [0x00000000c1800000, 0x00000000c39819c8, 0x00000000c3981a00, 0x00000000cb4c0000)
 Metaspace       used 12547K, capacity 12946K, committed 13056K, reserved 1060864K
  class space    used 1434K, capacity 1493K, committed 1536K, reserved 1048576K

Card table byte_map: [0x0000000011f10000,0x0000000012200000] byte_map_base: 0x00000000119fe000

Polling page: 0x0000000000b50000

CodeCache: size=245760Kb used=9018Kb max_used=9038Kb free=236741Kb
 bounds [0x0000000002b50000, 0x0000000003430000, 0x0000000011b50000]
 total_blobs=2835 nmethods=2486 adapters=262
 compilation: enabled

Compilation events (10 events):
Event: 2.639 Thread 0x0000000012cf5800 2824       4       java.io.DataInputStream::readFully (63 bytes)
Event: 2.640 Thread 0x0000000012cf5800 nmethod 2824 0x0000000003418b50 code [0x0000000003418ca0, 0x0000000003418d98]
Event: 2.641 Thread 0x0000000012cf5800 2825       4       com.sun.xml.bind.WhiteSpaceProcessor::isWhiteSpace (36 bytes)
Event: 2.642 Thread 0x0000000012cf5800 nmethod 2825 0x0000000003418710 code [0x0000000003418860, 0x0000000003418a18]
Event: 2.649 Thread 0x0000000012cf5800 2826       4       com.sun.xml.bind.v2.model.impl.ClassInfoImpl::getSomeJAXBAnnotation (36 bytes)
Event: 2.650 Thread 0x0000000012cf5800 nmethod 2826 0x000000000341ca50 code [0x000000000341cba0, 0x000000000341cc88]
Event: 2.671 Thread 0x0000000012cf5800 2827       4       com.sun.xml.bind.v2.model.impl.ClassInfoImpl::getProperties (355 bytes)
Event: 2.697 Thread 0x0000000012cfa000 2829       3       com.sun.xml.bind.v2.model.impl.TypeInfoSetImpl::<init> (217 bytes)
Event: 2.699 Thread 0x0000000012cfa000 nmethod 2829 0x000000000341cd90 code [0x000000000341d160, 0x000000000341f3a8]
Event: 2.699 Thread 0x0000000012cfa000 2830       3       java.lang.Class::searchFields (41 bytes)

GC Heap History (10 events):
Event: 2.676 GC heap before
{Heap before GC invocations=420 (full 0):
 def new generation   total 1152K, used 1138K [0x00000000a2400000, 0x00000000a2540000, 0x00000000c1800000)
  eden space 1024K, 100% used [0x00000000a2400000, 0x00000000a2500000, 0x00000000a2500000)
  from space 128K,  89% used [0x00000000a2500000, 0x00000000a251c9d0, 0x00000000a2520000)
  to   space 128K,   0% used [0x00000000a2520000, 0x00000000a2520000, 0x00000000a2540000)
 tenured generation   total 160512K, used 33547K [0x00000000c1800000, 0x00000000cb4c0000, 0x0000000100000000)
   the space 160512K,  20% used [0x00000000c1800000, 0x00000000c38c2f98, 0x00000000c38c3000, 0x00000000cb4c0000)
 Metaspace       used 12543K, capacity 12882K, committed 13056K, reserved 1060864K
  class space    used 1434K, capacity 1493K, committed 1536K, reserved 1048576K
Event: 2.677 GC heap after
Heap after GC invocations=421 (full 0):
 def new generation   total 1152K, used 74K [0x00000000a2400000, 0x00000000a2540000, 0x00000000c1800000)
  eden space 1024K,   0% used [0x00000000a2400000, 0x00000000a2400000, 0x00000000a2500000)
  from space 128K,  58% used [0x00000000a2520000, 0x00000000a2532a40, 0x00000000a2540000)
  to   space 128K,   0% used [0x00000000a2500000, 0x00000000a2500000, 0x00000000a2520000)
 tenured generation   total 160512K, used 33610K [0x00000000c1800000, 0x00000000cb4c0000, 0x0000000100000000)
   the space 160512K,  20% used [0x00000000c1800000, 0x00000000c38d29f0, 0x00000000c38d2a00, 0x00000000cb4c0000)
 Metaspace       used 12543K, capacity 12882K, committed 13056K, reserved 1060864K
  class space    used 1434K, capacity 1493K, committed 1536K, reserved 1048576K
}
Event: 2.682 GC heap before
{Heap before GC invocations=421 (full 0):
 def new generation   total 1152K, used 1098K [0x00000000a2400000, 0x00000000a2540000, 0x00000000c1800000)
  eden space 1024K, 100% used [0x00000000a2400000, 0x00000000a2500000, 0x00000000a2500000)
  from space 128K,  58% used [0x00000000a2520000, 0x00000000a2532a40, 0x00000000a2540000)
  to   space 128K,   0% used [0x00000000a2500000, 0x00000000a2500000, 0x00000000a2520000)
 tenured generation   total 160512K, used 33610K [0x00000000c1800000, 0x00000000cb4c0000, 0x0000000100000000)
   the space 160512K,  20% used [0x00000000c1800000, 0x00000000c38d29f0, 0x00000000c38d2a00, 0x00000000cb4c0000)
 Metaspace       used 12543K, capacity 12882K, committed 13056K, reserved 1060864K
  class space    used 1434K, capacity 1493K, committed 1536K, reserved 1048576K
Event: 2.683 GC heap after
Heap after GC invocations=422 (full 0):
 def new generation   total 1152K, used 128K [0x00000000a2400000, 0x00000000a2540000, 0x00000000c1800000)
  eden space 1024K,   0% used [0x00000000a2400000, 0x00000000a2400000, 0x00000000a2500000)
  from space 128K, 100% used [0x00000000a2500000, 0x00000000a2520000, 0x00000000a2520000)
  to   space 128K,   0% used [0x00000000a2520000, 0x00000000a2520000, 0x00000000a2540000)
 tenured generation   total 160512K, used 33661K [0x00000000c1800000, 0x00000000cb4c0000, 0x0000000100000000)
   the space 160512K,  20% used [0x00000000c1800000, 0x00000000c38df790, 0x00000000c38df800, 0x00000000cb4c0000)
 Metaspace       used 12543K, capacity 12882K, committed 13056K, reserved 1060864K
  class space    used 1434K, capacity 1493K, committed 1536K, reserved 1048576K
}
Event: 2.688 GC heap before
{Heap before GC invocations=422 (full 0):
 def new generation   total 1152K, used 1152K [0x00000000a2400000, 0x00000000a2540000, 0x00000000c1800000)
  eden space 1024K, 100% used [0x00000000a2400000, 0x00000000a2500000, 0x00000000a2500000)
  from space 128K, 100% used [0x00000000a2500000, 0x00000000a2520000, 0x00000000a2520000)
  to   space 128K,   0% used [0x00000000a2520000, 0x00000000a2520000, 0x00000000a2540000)
 tenured generation   total 160512K, used 33661K [0x00000000c1800000, 0x00000000cb4c0000, 0x0000000100000000)
   the space 160512K,  20% used [0x00000000c1800000, 0x00000000c38df790, 0x00000000c38df800, 0x00000000cb4c0000)
 Metaspace       used 12543K, capacity 12882K, committed 13056K, reserved 1060864K
  class space    used 1434K, capacity 1493K, committed 1536K, reserved 1048576K
Event: 2.689 GC heap after
Heap after GC invocations=423 (full 0):
 def new generation   total 1152K, used 57K [0x00000000a2400000, 0x00000000a2540000, 0x00000000c1800000)
  eden space 1024K,   0% used [0x00000000a2400000, 0x00000000a2400000, 0x00000000a2500000)
  from space 128K,  45% used [0x00000000a2520000, 0x00000000a252e7b8, 0x00000000a2540000)
  to   space 128K,   0% used [0x00000000a2500000, 0x00000000a2500000, 0x00000000a2520000)
 tenured generation   total 160512K, used 33744K [0x00000000c1800000, 0x00000000cb4c0000, 0x0000000100000000)
   the space 160512K,  21% used [0x00000000c1800000, 0x00000000c38f4008, 0x00000000c38f4200, 0x00000000cb4c0000)
 Metaspace       used 12543K, capacity 12882K, committed 13056K, reserved 1060864K
  class space    used 1434K, capacity 1493K, committed 1536K, reserved 1048576K
}
Event: 2.693 GC heap before
{Heap before GC invocations=423 (full 0):
 def new generation   total 1152K, used 1081K [0x00000000a2400000, 0x00000000a2540000, 0x00000000c1800000)
  eden space 1024K, 100% used [0x00000000a2400000, 0x00000000a2500000, 0x00000000a2500000)
  from space 128K,  45% used [0x00000000a2520000, 0x00000000a252e7b8, 0x00000000a2540000)
  to   space 128K,   0% used [0x00000000a2500000, 0x00000000a2500000, 0x00000000a2520000)
 tenured generation   total 160512K, used 33744K [0x00000000c1800000, 0x00000000cb4c0000, 0x0000000100000000)
   the space 160512K,  21% used [0x00000000c1800000, 0x00000000c38f4008, 0x00000000c38f4200, 0x00000000cb4c0000)
 Metaspace       used 12543K, capacity 12882K, committed 13056K, reserved 1060864K
  class space    used 1434K, capacity 1493K, committed 1536K, reserved 1048576K
Event: 2.694 GC heap after
Heap after GC invocations=424 (full 0):
 def new generation   total 1152K, used 127K [0x00000000a2400000, 0x00000000a2540000, 0x00000000c1800000)
  eden space 1024K,   0% used [0x00000000a2400000, 0x00000000a2400000, 0x00000000a2500000)
  from space 128K,  99% used [0x00000000a2500000, 0x00000000a251fff8, 0x00000000a2520000)
  to   space 128K,   0% used [0x00000000a2520000, 0x00000000a2520000, 0x00000000a2540000)
 tenured generation   total 160512K, used 33761K [0x00000000c1800000, 0x00000000cb4c0000, 0x0000000100000000)
   the space 160512K,  21% used [0x00000000c1800000, 0x00000000c38f8790, 0x00000000c38f8800, 0x00000000cb4c0000)
 Metaspace       used 12543K, capacity 12882K, committed 13056K, reserved 1060864K
  class space    used 1434K, capacity 1493K, committed 1536K, reserved 1048576K
}
Event: 2.698 GC heap before
{Heap before GC invocations=424 (full 0):
 def new generation   total 1152K, used 1151K [0x00000000a2400000, 0x00000000a2540000, 0x00000000c1800000)
  eden space 1024K, 100% used [0x00000000a2400000, 0x00000000a2500000, 0x00000000a2500000)
  from space 128K,  99% used [0x00000000a2500000, 0x00000000a251fff8, 0x00000000a2520000)
  to   space 128K,   0% used [0x00000000a2520000, 0x00000000a2520000, 0x00000000a2540000)
 tenured generation   total 160512K, used 33761K [0x00000000c1800000, 0x00000000cb4c0000, 0x0000000100000000)
   the space 160512K,  21% used [0x00000000c1800000, 0x00000000c38f8790, 0x00000000c38f8800, 0x00000000cb4c0000)
 Metaspace       used 12546K, capacity 12946K, committed 13056K, reserved 1060864K
  class space    used 1434K, capacity 1493K, committed 1536K, reserved 1048576K
Event: 2.699 GC heap after
Heap after GC invocations=425 (full 0):
 def new generation   total 1152K, used 124K [0x00000000a2400000, 0x00000000a2540000, 0x00000000c1800000)
  eden space 1024K,   0% used [0x00000000a2400000, 0x00000000a2400000, 0x00000000a2500000)
  from space 128K,  97% used [0x00000000a2520000, 0x00000000a253f278, 0x00000000a2540000)
  to   space 128K,   0% used [0x00000000a2500000, 0x00000000a2500000, 0x00000000a2520000)
 tenured generation   total 160512K, used 33840K [0x00000000c1800000, 0x00000000cb4c0000, 0x0000000100000000)
   the space 160512K,  21% used [0x00000000c1800000, 0x00000000c390c308, 0x00000000c390c400, 0x00000000cb4c0000)
 Metaspace       used 12546K, capacity 12946K, committed 13056K, reserved 1060864K
  class space    used 1434K, capacity 1493K, committed 1536K, reserved 1048576K
}

Deoptimization events (10 events):
Event: 1.003 Thread 0x0000000002966800 Uncommon trap: reason=bimorphic action=maybe_recompile pc=0x0000000002dfb454 method=java.util.AbstractList$Itr.next()Ljava/lang/Object; @ 14
Event: 1.058 Thread 0x0000000002966800 Uncommon trap: reason=unreached action=reinterpret pc=0x0000000002d1cd54 method=java.lang.AbstractStringBuilder.append(Ljava/lang/String;)Ljava/lang/AbstractStringBuilder; @ 1
Event: 1.086 Thread 0x0000000002966800 Uncommon trap: reason=class_check action=maybe_recompile pc=0x0000000002f7273c method=java.util.HashMap.putVal(ILjava/lang/Object;Ljava/lang/Object;ZZ)Ljava/lang/Object; @ 203
Event: 1.086 Thread 0x0000000002966800 Uncommon trap: reason=class_check action=maybe_recompile pc=0x0000000002f7273c method=java.util.HashMap.putVal(ILjava/lang/Object;Ljava/lang/Object;ZZ)Ljava/lang/Object; @ 203
Event: 1.086 Thread 0x0000000002966800 Uncommon trap: reason=class_check action=maybe_recompile pc=0x0000000002f7273c method=java.util.HashMap.putVal(ILjava/lang/Object;Ljava/lang/Object;ZZ)Ljava/lang/Object; @ 203
Event: 1.086 Thread 0x0000000002966800 Uncommon trap: reason=class_check action=maybe_recompile pc=0x0000000002f57fa0 method=java.util.HashMap.putVal(ILjava/lang/Object;Ljava/lang/Object;ZZ)Ljava/lang/Object; @ 203
Event: 1.271 Thread 0x0000000002966800 Uncommon trap: reason=class_check action=maybe_recompile pc=0x0000000002f73010 method=java.io.FilterInputStream.read([BII)I @ 7
Event: 1.271 Thread 0x0000000002966800 Uncommon trap: reason=class_check action=maybe_recompile pc=0x0000000002f73010 method=java.io.FilterInputStream.read([BII)I @ 7
Event: 1.271 Thread 0x0000000002966800 Uncommon trap: reason=class_check action=maybe_recompile pc=0x0000000002f73010 method=java.io.FilterInputStream.read([BII)I @ 7
Event: 1.271 Thread 0x0000000002966800 Uncommon trap: reason=class_check action=maybe_recompile pc=0x0000000002f73010 method=java.io.FilterInputStream.read([BII)I @ 7

Internal exceptions (10 events):
Event: 2.682 Thread 0x0000000002966800 Exception <a 'java/security/PrivilegedActionException'> (0x00000000a24e8ad8) thrown at [D:\re\workspace\8-2-build-windows-amd64-cygwin\jdk8u5\2488\hotspot\src\share\vm\prims\jvm.cpp, line 1248]
Event: 2.690 Thread 0x0000000002966800 Exception <a 'java/lang/ClassNotFoundException': com/sun/org/glassfish/hk2/osgiresourcelocator/ServiceLoader> (0x00000000a2417fb0) thrown at [D:\re\workspace\8-2-build-windows-amd64-cygwin\jdk8u5\2488\hotspot\src\share\vm\classfile\systemDictionary.cpp, liÕ˜k,¼†@
Event: 2.691 Thread 0x0000000002966800 Exception <a 'java/security/PrivilegedActionException'> (0x00000000a245b870) thrown at [D:\re\workspace\8-2-build-windows-amd64-cygwin\jdk8u5\2488\hotspot\src\share\vm\prims\jvm.cpp, line 1248]
Event: 2.691 Thread 0x0000000002966800 Exception <a 'java/security/PrivilegedActionException'> (0x00000000a2464ba0) thrown at [D:\re\workspace\8-2-build-windows-amd64-cygwin\jdk8u5\2488\hotspot\src\share\vm\prims\jvm.cpp, line 1248]
Event: 2.692 Thread 0x0000000002966800 Exception <a 'java/security/PrivilegedActionException'> (0x00000000a2471968) thrown at [D:\re\workspace\8-2-build-windows-amd64-cygwin\jdk8u5\2488\hotspot\src\share\vm\prims\jvm.cpp, line 1248]
Event: 2.692 Thread 0x0000000002966800 Exception <a 'java/security/PrivilegedActionException'> (0x00000000a247ac78) thrown at [D:\re\workspace\8-2-build-windows-amd64-cygwin\jdk8u5\2488\hotspot\src\share\vm\prims\jvm.cpp, line 1248]
Event: 2.692 Thread 0x0000000002966800 Exception <a 'java/security/PrivilegedActionException'> (0x00000000a24812c8) thrown at [D:\re\workspace\8-2-build-windows-amd64-cygwin\jdk8u5\2488\hotspot\src\share\vm\prims\jvm.cpp, line 1248]
Event: 2.692 Thread 0x0000000002966800 Exception <a 'java/security/PrivilegedActionException'> (0x00000000a248a5b8) thrown at [D:\re\workspace\8-2-build-windows-amd64-cygwin\jdk8u5\2488\hotspot\src\share\vm\prims\jvm.cpp, line 1248]
Event: 2.697 Thread 0x0000000002966800 Exception <a 'java/lang/ClassNotFoundException': com/sun/org/glassfish/hk2/osgiresourcelocator/ServiceLoader> (0x00000000a24b9438) thrown at [D:\re\workspace\8-2-build-windows-amd64-cygwin\jdk8u5\2488\hotspot\src\share\vm\classfile\systemDictionary.cpp, li†Öy
o•@
Event: 2.698 Thread 0x0000000002966800 Exception <a 'java/security/PrivilegedActionException'> (0x00000000a24fccd8) thrown at [D:\re\workspace\8-2-build-windows-amd64-cygwin\jdk8u5\2488\hotspot\src\share\vm\prims\jvm.cpp, line 1248]

Events (10 events):
Event: 2.692 loading class java/lang/ObjectFactory
Event: 2.692 loading class java/lang/ObjectFactory done
Event: 2.693 Executing VM operation: GenCollectForAllocation
Event: 2.694 Executing VM operation: GenCollectForAllocation done
Event: 2.697 loading class com/sun/org/glassfish/hk2/osgiresourcelocator/ServiceLoader
Event: 2.697 loading class com/sun/org/glassfish/hk2/osgiresourcelocator/ServiceLoader done
Event: 2.698 loading class java/lang/ObjectFactory
Event: 2.698 loading class java/lang/ObjectFactory done
Event: 2.698 Executing VM operation: GenCollectForAllocation
Event: 2.699 Executing VM operation: GenCollectForAllocation done


Dynamic libraries:
0x00007ff69dbd0000 - 0x00007ff69dc04000 	C:\intelfpga_lite\18.1\quartus\bin64\jre64\bin\java.exe
0x00007ffd66680000 - 0x00007ffd6686d000 	C:\WINDOWS\SYSTEM32\ntdll.dll
0x00007ffd66170000 - 0x00007ffd66223000 	C:\WINDOWS\System32\KERNEL32.DLL
0x00007ffd629c0000 - 0x00007ffd62c53000 	C:\WINDOWS\System32\KERNELBASE.dll
0x00007ffd63930000 - 0x00007ffd639d3000 	C:\WINDOWS\System32\ADVAPI32.dll
0x00007ffd66410000 - 0x00007ffd664ae000 	C:\WINDOWS\System32\msvcrt.dll
0x00007ffd63f70000 - 0x00007ffd6400e000 	C:\WINDOWS\System32\sechost.dll
0x00007ffd644f0000 - 0x00007ffd64613000 	C:\WINDOWS\System32\RPCRT4.dll
0x00007ffd664b0000 - 0x00007ffd66647000 	C:\WINDOWS\System32\USER32.dll
0x00007ffd62e40000 - 0x00007ffd62e60000 	C:\WINDOWS\System32\win32u.dll
0x00007ffd662b0000 - 0x00007ffd662d9000 	C:\WINDOWS\System32\GDI32.dll
0x00007ffd62ed0000 - 0x00007ffd6306a000 	C:\WINDOWS\System32\gdi32full.dll
0x00007ffd637c0000 - 0x00007ffd63860000 	C:\WINDOWS\System32\msvcp_win.dll
0x00007ffd62d40000 - 0x00007ffd62e3c000 	C:\WINDOWS\System32\ucrtbase.dll
0x00007ffd50910000 - 0x00007ffd50b89000 	C:\WINDOWS\WinSxS\amd64_microsoft.windows.common-controls_6595b64144ccf1df_6.0.17763.1_none_f040600eff408c2d\COMCTL32.dll
0x00007ffd63c40000 - 0x00007ffd63f6e000 	C:\WINDOWS\System32\combase.dll
0x00007ffd62c60000 - 0x00007ffd62cde000 	C:\WINDOWS\System32\bcryptPrimitives.dll
0x00007ffd63b60000 - 0x00007ffd63b8e000 	C:\WINDOWS\System32\IMM32.DLL
0x0000000067920000 - 0x00000000679f2000 	C:\intelfpga_lite\18.1\quartus\bin64\jre64\bin\msvcr100.dll
0x00000000668e0000 - 0x000000006710a000 	C:\intelfpga_lite\18.1\quartus\bin64\jre64\bin\server\jvm.dll
0x00007ffd66160000 - 0x00007ffd66168000 	C:\WINDOWS\System32\PSAPI.DLL
0x00007ffd607b0000 - 0x00007ffd607d4000 	C:\WINDOWS\SYSTEM32\WINMM.dll
0x00007ffd28b30000 - 0x00007ffd28b39000 	C:\WINDOWS\SYSTEM32\WSOCK32.dll
0x00007ffd63a40000 - 0x00007ffd63aad000 	C:\WINDOWS\System32\WS2_32.dll
0x00007ffd60690000 - 0x00007ffd606bd000 	C:\WINDOWS\SYSTEM32\winmmbase.dll
0x00007ffd62e80000 - 0x00007ffd62eca000 	C:\WINDOWS\System32\cfgmgr32.dll
0x0000000067910000 - 0x000000006791f000 	C:\intelfpga_lite\18.1\quartus\bin64\jre64\bin\verify.dll
0x00000000678e0000 - 0x0000000067908000 	C:\intelfpga_lite\18.1\quartus\bin64\jre64\bin\java.dll
0x00000000678c0000 - 0x00000000678d6000 	C:\intelfpga_lite\18.1\quartus\bin64\jre64\bin\zip.dll
0x00007ffd64a30000 - 0x00007ffd65f1f000 	C:\WINDOWS\System32\SHELL32.dll
0x00007ffd63ab0000 - 0x00007ffd63b58000 	C:\WINDOWS\System32\shcore.dll
0x00007ffd63070000 - 0x00007ffd637b8000 	C:\WINDOWS\System32\windows.storage.dll
0x00007ffd62780000 - 0x00007ffd627a4000 	C:\WINDOWS\System32\profapi.dll
0x00007ffd62720000 - 0x00007ffd6277d000 	C:\WINDOWS\System32\powrprof.dll
0x00007ffd64870000 - 0x00007ffd648c2000 	C:\WINDOWS\System32\shlwapi.dll
0x00007ffd62700000 - 0x00007ffd62711000 	C:\WINDOWS\System32\kernel.appcore.dll
0x00007ffd62e60000 - 0x00007ffd62e77000 	C:\WINDOWS\System32\cryptsp.dll
0x00007ffd61ad0000 - 0x00007ffd61b03000 	C:\WINDOWS\system32\rsaenh.dll
0x00007ffd62990000 - 0x00007ffd629b6000 	C:\WINDOWS\System32\bcrypt.dll
0x00007ffd625e0000 - 0x00007ffd62608000 	C:\WINDOWS\SYSTEM32\USERENV.dll
0x00007ffd62140000 - 0x00007ffd6214c000 	C:\WINDOWS\SYSTEM32\CRYPTBASE.dll
0x00000000678a0000 - 0x00000000678ba000 	C:\intelFPGA_lite\18.1\quartus\bin64\jre64\bin\net.dll
0x00007ffd61f70000 - 0x00007ffd61fd7000 	C:\WINDOWS\system32\mswsock.dll
0x00007ffd61cd0000 - 0x00007ffd61d0d000 	C:\WINDOWS\SYSTEM32\IPHLPAPI.DLL
0x00007ffd64620000 - 0x00007ffd64628000 	C:\WINDOWS\System32\NSI.dll
0x00007ffd5c530000 - 0x00007ffd5c546000 	C:\WINDOWS\SYSTEM32\dhcpcsvc6.DLL
0x00007ffd5c7f0000 - 0x00007ffd5c80c000 	C:\WINDOWS\SYSTEM32\dhcpcsvc.DLL
0x00007ffd61d10000 - 0x00007ffd61dd6000 	C:\WINDOWS\SYSTEM32\DNSAPI.dll
0x0000000067880000 - 0x0000000067891000 	C:\intelFPGA_lite\18.1\quartus\bin64\jre64\bin\nio.dll
0x00007ffd584f0000 - 0x00007ffd584f6000 	C:\intelFPGA_lite\18.1\quartus\bin64\sld_utiljni.dll
0x00007ffd570e0000 - 0x00007ffd571cf000 	C:\intelFPGA_lite\18.1\quartus\bin64\MSVCR120.dll
0x00000000688e0000 - 0x0000000068a67000 	C:\intelFPGA_lite\18.1\quartus\bin64\tcl86.dll
0x00007ffd564e0000 - 0x00007ffd564f7000 	C:\WINDOWS\SYSTEM32\NETAPI32.dll
0x00007ffd61de0000 - 0x00007ffd61dee000 	C:\WINDOWS\SYSTEM32\NETUTILS.DLL
0x00007ffd5c960000 - 0x00007ffd5c978000 	C:\WINDOWS\SYSTEM32\SAMCLI.DLL
0x00007ffd5cbd0000 - 0x00007ffd5cc0f000 	C:\WINDOWS\SYSTEM32\LOGONCLI.DLL
0x00007ffd56680000 - 0x00007ffd56740000 	C:\intelFPGA_lite\18.1\quartus\bin64\ccl_sqlite3.dll
0x00007ffd55830000 - 0x00007ffd55840000 	C:\intelFPGA_lite\18.1\quartus\bin64\ccl_sqlite3_jdbc_jni_bridge.dll
0x00007ffd574a0000 - 0x00007ffd57628000 	C:\intelFPGA_lite\18.1\quartus\bin64\dbghelp.dll

VM Arguments:
jvm_args: -Xmx1500M -XX:+UseSerialGC 
java_command: com.altera.sopcmodel.sbtools.sbcatalog.SbCatalog --xml --project-directory= --search-path=G:/fpga-brain/,G:\fpga-brain
java_class_path (initial): C:/intelfpga_lite/18.1/quartus/sopc_builder/model/lib\Nlview.jar;C:/intelfpga_lite/18.1/quartus/sopc_builder/model/lib\QuickServer.jar;C:/intelfpga_lite/18.1/quartus/sopc_builder/model/lib\TableLayout.jar;C:/intelfpga_lite/18.1/quartus/sopc_builder/model/lib\appframework-1.03.jar;C:/intelfpga_lite/18.1/quartus/sopc_builder/model/lib\asm-3.1.jar;C:/intelfpga_lite/18.1/quartus/sopc_builder/model/lib\asm-commons-3.1.jar;C:/intelfpga_lite/18.1/quartus/sopc_builder/model/lib\basicmodel.jar;C:/intelfpga_lite/18.1/quartus/sopc_builder/model/lib\beansbinding-1.2.1.jar;C:/intelfpga_lite/18.1/quartus/sopc_builder/model/lib\binding-2.0.6.jar;C:/intelfpga_lite/18.1/quartus/sopc_builder/model/lib\com.altera.componenteditor2.jar;C:/intelfpga_lite/18.1/quartus/sopc_builder/model/lib\com.altera.embeddedsw.app_lib.jar;C:/intelfpga_lite/18.1/quartus/sopc_builder/model/lib\com.altera.embeddedsw.bsp.editor.jar;C:/intelfpga_lite/18.1/quartus/sopc_builder/model/lib\com.altera.embeddedsw.bsp.elements.jar;C:/intelfpga_lite/18.1/quartus/sopc_builder/model/lib\com.altera.embeddedsw.bsp.jar;C:/intelfpga_lite/18.1/quartus/sopc_builder/model/lib\com.altera.embeddedsw.bsp.plugin.core.jar;C:/intelfpga_lite/18.1/quartus/sopc_builder/model/lib\com.altera.embeddedsw.bsp.plugin.hal.jar;C:/intelfpga_lite/18.1/quartus/sopc_builder/model/lib\com.altera.embeddedsw.bsp.plugin.lwhal.jar;C:/intelfpga_lite/18.1/quartus/sopc_builder/model/lib\com.altera.embeddedsw.bsp.schema.jar;C:/intelfpga_lite/18.1/quartus/sopc_builder/model/lib\com.altera.embeddedsw.bsp.scripting.jar;C:/intelfpga_lite/18.1/quartus/sopc_builder/model/lib\com.altera.embeddedsw.commandline.jar;C:/intelfpga_lite/18.1/quartus/sopc_builder/model/lib\com.altera.embeddedsw.cpexample.jar;C:/intelfpga_lite/18.1/quartus/sopc_builder/model/lib\com.altera.embeddedsw.flash.jar;C:/intelfpga_lite/18.1/quartus/sopc_builder/model/lib\com.altera.embeddedsw.launch.jar;C:/intelfpga_lite/18.1/quartus/sopc_builder/model/lib\com.alte
Launcher Type: SUN_STANDARD

Environment Variables:
PATH=C:/intelfpga_lite/18.1/quartus/bin64;c:\intelfpga_lite\18.1\quartus\bin64\;c:\intelfpga_lite\18.1\quartus\bin64\;C:\WINDOWS\system32;C:\WINDOWS;C:\WINDOWS\System32\Wbem;C:\WINDOWS\System32\WindowsPowerShell\v1.0\;C:\WINDOWS\System32\OpenSSH\;C:\Users\gdr\AppData\Local\Microsoft\WindowsApps;;C:\intelFPGA\18.1\modelsim_ase\win32aloem
USERNAME=gdr
OS=Windows_NT
PROCESSOR_IDENTIFIER=Intel64 Family 6 Model 94 Stepping 3, GenuineIntel



---------------  S Y S T E M  ---------------

OS: Windows 8.1 , 64 bit Build 9600 

CPU:total 4 (4 cores per cpu, 1 threads per core) family 6 model 94 stepping 3, cmov, cx8, fxsr, mmx, sse, sse2, sse3, ssse3, sse4.1, sse4.2, popcnt, avx, avx2, aes, clmul, tsc, tscinvbit

Memory: 4k page, physical 10268212k(5712672k free), swap 16650356k(5108k free)

vm_info: Java HotSpot(TM) 64-Bit Server VM (25.5-b02) for windows-amd64 JRE (1.8.0_05-b13), built on Mar 18 2014 01:08:39 by "java_re" with MS VC++ 10.0 (VS2010)

time: Fri Sep 13 13:03:28 2019
elapsed time: 2 seconds

