Flow report for fpgabrain
Sat Sep 07 23:51:48 2019
Quartus Prime Version 18.1.0 Build 625 09/12/2018 SJ Lite Edition


---------------------
; Table of Contents ;
---------------------
  1. Legal Notice
  2. Flow Summary
  3. Flow Settings
  4. Flow Non-Default Global Settings
  5. Flow Elapsed Time
  6. Flow OS Summary
  7. Flow Log
  8. Flow Messages
  9. Flow Suppressed Messages



----------------
; Legal Notice ;
----------------
Copyright (C) 2018  Intel Corporation. All rights reserved.
Your use of Intel Corporation's design tools, logic functions 
and other software and tools, and its AMPP partner logic 
functions, and any output files from any of the foregoing 
(including device programming or simulation files), and any 
associated documentation or information are expressly subject 
to the terms and conditions of the Intel Program License 
Subscription Agreement, the Intel Quartus Prime License Agreement,
the Intel FPGA IP License Agreement, or other applicable license
agreement, including, without limitation, that your use is for
the sole purpose of programming logic devices manufactured by
Intel and sold by Intel or its authorized distributors.  Please
refer to the applicable agreement for further details.



+----------------------------------------------------------------------------------+
; Flow Summary                                                                     ;
+------------------------------------+---------------------------------------------+
; Flow Status                        ; Successful - Sat Sep 07 23:51:48 2019       ;
; Quartus Prime Version              ; 18.1.0 Build 625 09/12/2018 SJ Lite Edition ;
; Revision Name                      ; fpgabrain                                   ;
; Top-level Entity Name              ; fpgabrain                                   ;
; Family                             ; Cyclone IV E                                ;
; Device                             ; EP4CE6E22C8                                 ;
; Timing Models                      ; Final                                       ;
; Total logic elements               ; 2,036 / 6,272 ( 32 % )                      ;
;     Total combinational functions  ; 1,877 / 6,272 ( 30 % )                      ;
;     Dedicated logic registers      ; 1,024 / 6,272 ( 16 % )                      ;
; Total registers                    ; 1024                                        ;
; Total pins                         ; 47 / 92 ( 51 % )                            ;
; Total virtual pins                 ; 0                                           ;
; Total memory bits                  ; 1,197 / 276,480 ( < 1 % )                   ;
; Embedded Multiplier 9-bit elements ; 7 / 30 ( 23 % )                             ;
; Total PLLs                         ; 1 / 2 ( 50 % )                              ;
+------------------------------------+---------------------------------------------+


+-----------------------------------------+
; Flow Settings                           ;
+-------------------+---------------------+
; Option            ; Setting             ;
+-------------------+---------------------+
; Start date & time ; 09/07/2019 23:50:56 ;
; Main task         ; Compilation         ;
; Revision Name     ; fpgabrain           ;
+-------------------+---------------------+


+-----------------------------------------------------------------------------------------------------------------------------+
; Flow Non-Default Global Settings                                                                                            ;
+-------------------------------------+----------------------------------------+---------------+-------------+----------------+
; Assignment Name                     ; Value                                  ; Default Value ; Entity Name ; Section Id     ;
+-------------------------------------+----------------------------------------+---------------+-------------+----------------+
; COMPILER_SIGNATURE_ID               ; 8796757229156.156789305607084          ; --            ; --          ; --             ;
; EDA_OUTPUT_DATA_FORMAT              ; Vhdl                                   ; --            ; --          ; eda_simulation ;
; EDA_SIMULATION_TOOL                 ; ModelSim-Altera (VHDL)                 ; <None>        ; --          ; --             ;
; MAX_CORE_JUNCTION_TEMP              ; 85                                     ; --            ; --          ; --             ;
; MIN_CORE_JUNCTION_TEMP              ; 0                                      ; --            ; --          ; --             ;
; MISC_FILE                           ; pll.cmp                                ; --            ; --          ; --             ;
; MISC_FILE                           ; pll.ppf                                ; --            ; --          ; --             ;
; MISC_FILE                           ; altfp_mul.bsf                          ; --            ; --          ; --             ;
; MISC_FILE                           ; altfp_mul_inst.vhd                     ; --            ; --          ; --             ;
; MISC_FILE                           ; altfp_mul.inc                          ; --            ; --          ; --             ;
; MISC_FILE                           ; altfp_mul.cmp                          ; --            ; --          ; --             ;
; MISC_FILE                           ; altfp_addsub.cmp                       ; --            ; --          ; --             ;
; MISC_FILE                           ; altfpcompM.bsf                         ; --            ; --          ; --             ;
; MISC_FILE                           ; altfpcompM_inst.vhd                    ; --            ; --          ; --             ;
; MISC_FILE                           ; altfpcompM.cmp                         ; --            ; --          ; --             ;
; MISC_FILE                           ; ram1port.bsf                           ; --            ; --          ; --             ;
; MISC_FILE                           ; ram1port_inst.vhd                      ; --            ; --          ; --             ;
; MISC_FILE                           ; ram1port.cmp                           ; --            ; --          ; --             ;
; NOMINAL_CORE_SUPPLY_VOLTAGE         ; 1.2V                                   ; --            ; --          ; --             ;
; PARTITION_COLOR                     ; -- (Not supported for targeted family) ; --            ; --          ; Top            ;
; PARTITION_FITTER_PRESERVATION_LEVEL ; -- (Not supported for targeted family) ; --            ; --          ; Top            ;
; PARTITION_NETLIST_TYPE              ; -- (Not supported for targeted family) ; --            ; --          ; Top            ;
; POWER_BOARD_THERMAL_MODEL           ; None (CONSERVATIVE)                    ; --            ; --          ; --             ;
; POWER_PRESET_COOLING_SOLUTION       ; 23 MM HEAT SINK WITH 200 LFPM AIRFLOW  ; --            ; --          ; --             ;
; PROJECT_OUTPUT_DIRECTORY            ; output_files                           ; --            ; --          ; --             ;
+-------------------------------------+----------------------------------------+---------------+-------------+----------------+


+--------------------------------------------------------------------------------------------------------------------------+
; Flow Elapsed Time                                                                                                        ;
+----------------------+--------------+-------------------------+---------------------+------------------------------------+
; Module Name          ; Elapsed Time ; Average Processors Used ; Peak Virtual Memory ; Total CPU Time (on all processors) ;
+----------------------+--------------+-------------------------+---------------------+------------------------------------+
; Analysis & Synthesis ; 00:00:26     ; 1.0                     ; 4871 MB             ; 00:00:28                           ;
; Fitter               ; 00:00:10     ; 1.1                     ; 5534 MB             ; 00:00:15                           ;
; Assembler            ; 00:00:01     ; 1.0                     ; 4695 MB             ; 00:00:01                           ;
; Timing Analyzer      ; 00:00:03     ; 1.3                     ; 4801 MB             ; 00:00:03                           ;
; EDA Netlist Writer   ; 00:00:04     ; 1.0                     ; 4690 MB             ; 00:00:03                           ;
; Total                ; 00:00:44     ; --                      ; --                  ; 00:00:50                           ;
+----------------------+--------------+-------------------------+---------------------+------------------------------------+


+------------------------------------------------------------------------------------+
; Flow OS Summary                                                                    ;
+----------------------+------------------+------------+------------+----------------+
; Module Name          ; Machine Hostname ; OS Name    ; OS Version ; Processor type ;
+----------------------+------------------+------------+------------+----------------+
; Analysis & Synthesis ; DESKTOP-B4CAMES  ; Windows 10 ; 10.0       ; x86_64         ;
; Fitter               ; DESKTOP-B4CAMES  ; Windows 10 ; 10.0       ; x86_64         ;
; Assembler            ; DESKTOP-B4CAMES  ; Windows 10 ; 10.0       ; x86_64         ;
; Timing Analyzer      ; DESKTOP-B4CAMES  ; Windows 10 ; 10.0       ; x86_64         ;
; EDA Netlist Writer   ; DESKTOP-B4CAMES  ; Windows 10 ; 10.0       ; x86_64         ;
+----------------------+------------------+------------+------------+----------------+


------------
; Flow Log ;
------------
quartus_map --read_settings_files=on --write_settings_files=off fpgabrain -c fpgabrain
quartus_fit --read_settings_files=off --write_settings_files=off fpgabrain -c fpgabrain
quartus_asm --read_settings_files=off --write_settings_files=off fpgabrain -c fpgabrain
quartus_sta fpgabrain -c fpgabrain
quartus_eda --read_settings_files=off --write_settings_files=off fpgabrain -c fpgabrain



