#
# There is insufficient memory for the Java Runtime Environment to continue.
# Native memory allocation (malloc) failed to allocate 32744 bytes for ChunkPool::allocate
# Possible reasons:
#   The system is out of physical RAM or swap space
#   In 32 bit mode, the process size limit was hit
# Possible solutions:
#   Reduce memory load on the system
#   Increase physical memory or swap space
#   Check if swap backing store is full
#   Use 64 bit Java on a 64 bit OS
#   Decrease Java heap size (-Xmx/-Xms)
#   Decrease number of Java threads
#   Decrease Java thread stack sizes (-Xss)
#   Set larger code cache with -XX:ReservedCodeCacheSize=
# This output file may be truncated or incomplete.
#
#  Out of Memory Error (allocation.cpp:271), pid=5160, tid=6256
#
# JRE version: Java(TM) SE Runtime Environment (8.0_05-b13) (build 1.8.0_05-b13)
# Java VM: Java HotSpot(TM) 64-Bit Server VM (25.5-b02 mixed mode windows-amd64 compressed oops)
# Failed to write core dump. Minidumps are not enabled by default on client versions of Windows
#

---------------  T H R E A D  ---------------

Current thread (0x0000000012625800):  JavaThread "C2 CompilerThread0" daemon [_thread_in_native, id=6256, stack(0x0000000012c30000,0x0000000012d30000)]

Stack: [0x0000000012c30000,0x0000000012d30000]
Native frames: (J=compiled Java code, j=interpreted, Vv=VM code, C=native code)
V  [jvm.dll+0x308dea]


Current CompileTask:
C2:    904 1704 % !   4       com.sun.xml.bind.v2.bytecode.ClassTailor::tailor @ 180 (381 bytes)


---------------  P R O C E S S  ---------------

Java Threads: ( => current thread )
  0x00000000126a8000 JavaThread "Service Thread" daemon [_thread_blocked, id=7548, stack(0x0000000012f30000,0x0000000013030000)]
  0x000000001262a000 JavaThread "C1 CompilerThread2" daemon [_thread_in_native, id=6400, stack(0x0000000012e30000,0x0000000012f30000)]
  0x0000000012628800 JavaThread "C2 CompilerThread1" daemon [_thread_in_native, id=6600, stack(0x0000000012d30000,0x0000000012e30000)]
=>0x0000000012625800 JavaThread "C2 CompilerThread0" daemon [_thread_in_native, id=6256, stack(0x0000000012c30000,0x0000000012d30000)]
  0x0000000012623000 JavaThread "Attach Listener" daemon [_thread_blocked, id=1540, stack(0x0000000012b30000,0x0000000012c30000)]
  0x0000000012630800 JavaThread "Signal Dispatcher" daemon [_thread_blocked, id=1420, stack(0x0000000012a30000,0x0000000012b30000)]
  0x00000000125e1000 JavaThread "Finalizer" daemon [_thread_blocked, id=7948, stack(0x0000000012930000,0x0000000012a30000)]
  0x00000000125df800 JavaThread "Reference Handler" daemon [_thread_blocked, id=7516, stack(0x0000000012830000,0x0000000012930000)]
  0x0000000002386800 JavaThread "main" [_thread_in_Java, id=4148, stack(0x0000000002220000,0x0000000002320000)]

Other Threads:
  0x00000000125d9800 VMThread [stack: 0x0000000012730000,0x0000000012830000] [id=1920]
  0x00000000126ad000 WatcherThread [stack: 0x0000000013030000,0x0000000013130000] [id=7160]

VM state:not at safepoint (normal execution)

VM Mutex/Monitor currently owned by a thread: None

Heap:
 def new generation   total 1152K, used 941K [0x00000000a2400000, 0x00000000a2540000, 0x00000000c1800000)
  eden space 1024K,  86% used [0x00000000a2400000, 0x00000000a24e2588, 0x00000000a2500000)
  from space 128K,  60% used [0x00000000a2500000, 0x00000000a2513800, 0x00000000a2520000)
  to   space 128K,   0% used [0x00000000a2520000, 0x00000000a2520000, 0x00000000a2540000)
 tenured generation   total 160512K, used 8246K [0x00000000c1800000, 0x00000000cb4c0000, 0x0000000100000000)
   the space 160512K,   5% used [0x00000000c1800000, 0x00000000c200db28, 0x00000000c200dc00, 0x00000000cb4c0000)
 Metaspace       used 11160K, capacity 11558K, committed 11648K, reserved 1058816K
  class space    used 1320K, capacity 1395K, committed 1408K, reserved 1048576K

Card table byte_map: [0x0000000011840000,0x0000000011b30000] byte_map_base: 0x000000001132e000

Polling page: 0x0000000002200000

CodeCache: size=245760Kb used=5630Kb max_used=5633Kb free=240129Kb
 bounds [0x0000000002480000, 0x0000000002a10000, 0x0000000011480000]
 total_blobs=2010 nmethods=1683 adapters=240
 compilation: enabled

Compilation events (10 events):
Event: 0.895 Thread 0x000000001262a000 nmethod 1754 0x000000000265b8d0 code [0x000000000265ba40, 0x000000000265bc70]
Event: 0.895 Thread 0x000000001262a000 1755       3       com.sun.xml.bind.v2.model.nav.ReflectionNavigator::getPrimitive (23 bytes)
Event: 0.895 Thread 0x000000001262a000 nmethod 1755 0x000000000265b590 code [0x000000000265b6e0, 0x000000000265b830]
Event: 0.895 Thread 0x000000001262a000 1756   !   3       com.sun.proxy.$Proxy7::annotationType (29 bytes)
Event: 0.895 Thread 0x000000001262a000 nmethod 1756 0x000000000270ba10 code [0x000000000270bba0, 0x000000000270bfb8]
Event: 0.895 Thread 0x000000001262a000 1757       3       java.lang.ReflectiveOperationException::<init> (6 bytes)
Event: 0.896 Thread 0x0000000012628800 1758       4       java.lang.Package::getPackage (46 bytes)
Event: 0.897 Thread 0x000000001262a000 nmethod 1757 0x0000000002618890 code [0x0000000002618a00, 0x0000000002618bc8]
Event: 0.898 Thread 0x000000001262a000 1761       3       com.sun.xml.bind.v2.model.annotation.XmlElementRefsQuick::<init> (11 bytes)
Event: 0.898 Thread 0x000000001262a000 nmethod 1761 0x0000000002618410 code [0x0000000002618580, 0x00000000026187b0]

GC Heap History (10 events):
Event: 0.866 GC heap before
{Heap before GC invocations=86 (full 0):
 def new generation   total 1152K, used 1137K [0x00000000a2400000, 0x00000000a2540000, 0x00000000c1800000)
  eden space 1024K, 100% used [0x00000000a2400000, 0x00000000a2500000, 0x00000000a2500000)
  from space 128K,  88% used [0x00000000a2500000, 0x00000000a251c718, 0x00000000a2520000)
  to   space 128K,   0% used [0x00000000a2520000, 0x00000000a2520000, 0x00000000a2540000)
 tenured generation   total 160512K, used 7870K [0x00000000c1800000, 0x00000000cb4c0000, 0x0000000100000000)
   the space 160512K,   4% used [0x00000000c1800000, 0x00000000c1fafb70, 0x00000000c1fafc00, 0x00000000cb4c0000)
 Metaspace       used 11132K, capacity 11494K, committed 11648K, reserved 1058816K
  class space    used 1320K, capacity 1395K, committed 1408K, reserved 1048576K
Event: 0.867 GC heap after
Heap after GC invocations=87 (full 0):
 def new generation   total 1152K, used 76K [0x00000000a2400000, 0x00000000a2540000, 0x00000000c1800000)
  eden space 1024K,   0% used [0x00000000a2400000, 0x00000000a2400000, 0x00000000a2500000)
  from space 128K,  59% used [0x00000000a2520000, 0x00000000a2533298, 0x00000000a2540000)
  to   space 128K,   0% used [0x00000000a2500000, 0x00000000a2500000, 0x00000000a2520000)
 tenured generation   total 160512K, used 7926K [0x00000000c1800000, 0x00000000cb4c0000, 0x0000000100000000)
   the space 160512K,   4% used [0x00000000c1800000, 0x00000000c1fbda10, 0x00000000c1fbdc00, 0x00000000cb4c0000)
 Metaspace       used 11132K, capacity 11494K, committed 11648K, reserved 1058816K
  class space    used 1320K, capacity 1395K, committed 1408K, reserved 1048576K
}
Event: 0.875 GC heap before
{Heap before GC invocations=87 (full 0):
 def new generation   total 1152K, used 1100K [0x00000000a2400000, 0x00000000a2540000, 0x00000000c1800000)
  eden space 1024K, 100% used [0x00000000a2400000, 0x00000000a2500000, 0x00000000a2500000)
  from space 128K,  59% used [0x00000000a2520000, 0x00000000a2533298, 0x00000000a2540000)
  to   space 128K,   0% used [0x00000000a2500000, 0x00000000a2500000, 0x00000000a2520000)
 tenured generation   total 160512K, used 7926K [0x00000000c1800000, 0x00000000cb4c0000, 0x0000000100000000)
   the space 160512K,   4% used [0x00000000c1800000, 0x00000000c1fbda10, 0x00000000c1fbdc00, 0x00000000cb4c0000)
 Metaspace       used 11136K, capacity 11494K, committed 11648K, reserved 1058816K
  class space    used 1320K, capacity 1395K, committed 1408K, reserved 1048576K
Event: 0.876 GC heap after
Heap after GC invocations=88 (full 0):
 def new generation   total 1152K, used 127K [0x00000000a2400000, 0x00000000a2540000, 0x00000000c1800000)
  eden space 1024K,   0% used [0x00000000a2400000, 0x00000000a2400000, 0x00000000a2500000)
  from space 128K,  99% used [0x00000000a2500000, 0x00000000a251fff8, 0x00000000a2520000)
  to   space 128K,   0% used [0x00000000a2520000, 0x00000000a2520000, 0x00000000a2540000)
 tenured generation   total 160512K, used 7977K [0x00000000c1800000, 0x00000000cb4c0000, 0x0000000100000000)
   the space 160512K,   4% used [0x00000000c1800000, 0x00000000c1fca460, 0x00000000c1fca600, 0x00000000cb4c0000)
 Metaspace       used 11136K, capacity 11494K, committed 11648K, reserved 1058816K
  class space    used 1320K, capacity 1395K, committed 1408K, reserved 1048576K
}
Event: 0.879 GC heap before
{Heap before GC invocations=88 (full 0):
 def new generation   total 1152K, used 1151K [0x00000000a2400000, 0x00000000a2540000, 0x00000000c1800000)
  eden space 1024K, 100% used [0x00000000a2400000, 0x00000000a2500000, 0x00000000a2500000)
  from space 128K,  99% used [0x00000000a2500000, 0x00000000a251fff8, 0x00000000a2520000)
  to   space 128K,   0% used [0x00000000a2520000, 0x00000000a2520000, 0x00000000a2540000)
 tenured generation   total 160512K, used 7977K [0x00000000c1800000, 0x00000000cb4c0000, 0x0000000100000000)
   the space 160512K,   4% used [0x00000000c1800000, 0x00000000c1fca460, 0x00000000c1fca600, 0x00000000cb4c0000)
 Metaspace       used 11136K, capacity 11494K, committed 11648K, reserved 1058816K
  class space    used 1320K, capacity 1395K, committed 1408K, reserved 1048576K
Event: 0.879 GC heap after
Heap after GC invocations=89 (full 0):
 def new generation   total 1152K, used 57K [0x00000000a2400000, 0x00000000a2540000, 0x00000000c1800000)
  eden space 1024K,   0% used [0x00000000a2400000, 0x00000000a2400000, 0x00000000a2500000)
  from space 128K,  44% used [0x00000000a2520000, 0x00000000a252e538, 0x00000000a2540000)
  to   space 128K,   0% used [0x00000000a2500000, 0x00000000a2500000, 0x00000000a2520000)
 tenured generation   total 160512K, used 8088K [0x00000000c1800000, 0x00000000cb4c0000, 0x0000000100000000)
   the space 160512K,   5% used [0x00000000c1800000, 0x00000000c1fe6130, 0x00000000c1fe6200, 0x00000000cb4c0000)
 Metaspace       used 11136K, capacity 11494K, committed 11648K, reserved 1058816K
  class space    used 1320K, capacity 1395K, committed 1408K, reserved 1048576K
}
Event: 0.887 GC heap before
{Heap before GC invocations=89 (full 0):
 def new generation   total 1152K, used 1081K [0x00000000a2400000, 0x00000000a2540000, 0x00000000c1800000)
  eden space 1024K, 100% used [0x00000000a2400000, 0x00000000a2500000, 0x00000000a2500000)
  from space 128K,  44% used [0x00000000a2520000, 0x00000000a252e538, 0x00000000a2540000)
  to   space 128K,   0% used [0x00000000a2500000, 0x00000000a2500000, 0x00000000a2520000)
 tenured generation   total 160512K, used 8088K [0x00000000c1800000, 0x00000000cb4c0000, 0x0000000100000000)
   the space 160512K,   5% used [0x00000000c1800000, 0x00000000c1fe6130, 0x00000000c1fe6200, 0x00000000cb4c0000)
 Metaspace       used 11138K, capacity 11494K, committed 11648K, reserved 1058816K
  class space    used 1320K, capacity 1395K, committed 1408K, reserved 1048576K
Event: 0.888 GC heap after
Heap after GC invocations=90 (full 0):
 def new generation   total 1152K, used 127K [0x00000000a2400000, 0x00000000a2540000, 0x00000000c1800000)
  eden space 1024K,   0% used [0x00000000a2400000, 0x00000000a2400000, 0x00000000a2500000)
  from space 128K,  99% used [0x00000000a2500000, 0x00000000a251fff8, 0x00000000a2520000)
  to   space 128K,   0% used [0x00000000a2520000, 0x00000000a2520000, 0x00000000a2540000)
 tenured generation   total 160512K, used 8106K [0x00000000c1800000, 0x00000000cb4c0000, 0x0000000100000000)
   the space 160512K,   5% used [0x00000000c1800000, 0x00000000c1fea810, 0x00000000c1feaa00, 0x00000000cb4c0000)
 Metaspace       used 11138K, capacity 11494K, committed 11648K, reserved 1058816K
  class space    used 1320K, capacity 1395K, committed 1408K, reserved 1048576K
}
Event: 0.896 GC heap before
{Heap before GC invocations=90 (full 0):
 def new generation   total 1152K, used 1151K [0x00000000a2400000, 0x00000000a2540000, 0x00000000c1800000)
  eden space 1024K, 100% used [0x00000000a2400000, 0x00000000a2500000, 0x00000000a2500000)
  from space 128K,  99% used [0x00000000a2500000, 0x00000000a251fff8, 0x00000000a2520000)
  to   space 128K,   0% used [0x00000000a2520000, 0x00000000a2520000, 0x00000000a2540000)
 tenured generation   total 160512K, used 8106K [0x00000000c1800000, 0x00000000cb4c0000, 0x0000000100000000)
   the space 160512K,   5% used [0x00000000c1800000, 0x00000000c1fea810, 0x00000000c1feaa00, 0x00000000cb4c0000)
 Metaspace       used 11146K, capacity 11494K, committed 11648K, reserved 1058816K
  class space    used 1320K, capacity 1395K, committed 1408K, reserved 1048576K
Event: 0.897 GC heap after
Heap after GC invocations=91 (full 0):
 def new generation   total 1152K, used 110K [0x00000000a2400000, 0x00000000a2540000, 0x00000000c1800000)
  eden space 1024K,   0% used [0x00000000a2400000, 0x00000000a2400000, 0x00000000a2500000)
  from space 128K,  86% used [0x00000000a2520000, 0x00000000a253b980, 0x00000000a2540000)
  to   space 128K,   0% used [0x00000000a2500000, 0x00000000a2500000, 0x00000000a2520000)
 tenured generation   total 160512K, used 8188K [0x00000000c1800000, 0x00000000cb4c0000, 0x0000000100000000)
   the space 160512K,   5% used [0x00000000c1800000, 0x00000000c1fff230, 0x00000000c1fff400, 0x00000000cb4c0000)
 Metaspace       used 11146K, capacity 11494K, committed 11648K, reserved 1058816K
  class space    used 1320K, capacity 1395K, committed 1408K, reserved 1048576K
}

Deoptimization events (10 events):
Event: 0.292 Thread 0x0000000002386800 Uncommon trap: reason=bimorphic action=maybe_recompile pc=0x000000000272f724 method=java.util.regex.Pattern$CharProperty.match(Ljava/util/regex/Matcher;ILjava/lang/CharSequence;)Z @ 37
Event: 0.292 Thread 0x0000000002386800 Uncommon trap: reason=bimorphic action=maybe_recompile pc=0x000000000272f724 method=java.util.regex.Pattern$CharProperty.match(Ljava/util/regex/Matcher;ILjava/lang/CharSequence;)Z @ 37
Event: 0.292 Thread 0x0000000002386800 Uncommon trap: reason=bimorphic action=maybe_recompile pc=0x000000000272f724 method=java.util.regex.Pattern$CharProperty.match(Ljava/util/regex/Matcher;ILjava/lang/CharSequence;)Z @ 37
Event: 0.292 Thread 0x0000000002386800 Uncommon trap: reason=bimorphic action=maybe_recompile pc=0x000000000272f724 method=java.util.regex.Pattern$CharProperty.match(Ljava/util/regex/Matcher;ILjava/lang/CharSequence;)Z @ 37
Event: 0.383 Thread 0x0000000002386800 Uncommon trap: reason=bimorphic action=maybe_recompile pc=0x00000000027a8560 method=java.util.HashMap.putVal(ILjava/lang/Object;Ljava/lang/Object;ZZ)Ljava/lang/Object; @ 91
Event: 0.383 Thread 0x0000000002386800 Uncommon trap: reason=bimorphic action=maybe_recompile pc=0x00000000027a8560 method=java.util.HashMap.putVal(ILjava/lang/Object;Ljava/lang/Object;ZZ)Ljava/lang/Object; @ 91
Event: 0.383 Thread 0x0000000002386800 Uncommon trap: reason=bimorphic action=maybe_recompile pc=0x00000000027a8560 method=java.util.HashMap.putVal(ILjava/lang/Object;Ljava/lang/Object;ZZ)Ljava/lang/Object; @ 91
Event: 0.383 Thread 0x0000000002386800 Uncommon trap: reason=bimorphic action=maybe_recompile pc=0x00000000027a8560 method=java.util.HashMap.putVal(ILjava/lang/Object;Ljava/lang/Object;ZZ)Ljava/lang/Object; @ 91
Event: 0.399 Thread 0x0000000002386800 Uncommon trap: reason=unreached action=reinterpret pc=0x00000000027b9054 method=java.util.HashMap.putVal(ILjava/lang/Object;Ljava/lang/Object;ZZ)Ljava/lang/Object; @ 193
Event: 0.414 Thread 0x0000000002386800 Uncommon trap: reason=range_check action=make_not_entrant pc=0x00000000027cada0 method=sun.reflect.generics.parser.SignatureParser.current()C @ 34

Internal exceptions (10 events):
Event: 0.882 Thread 0x0000000002386800 Exception <a 'java/lang/ClassNotFoundException': com/sun/org/glassfish/hk2/osgiresourcelocator/ServiceLoader> (0x00000000a2431170) thrown at [D:\re\workspace\8-2-build-windows-amd64-cygwin\jdk8u5\2488\hotspot\src\share\vm\classfile\systemDictionary.cpp, li \Iì?
Event: 0.884 Thread 0x0000000002386800 Exception <a 'java/security/PrivilegedActionException'> (0x00000000a24727f0) thrown at [D:\re\workspace\8-2-build-windows-amd64-cygwin\jdk8u5\2488\hotspot\src\share\vm\prims\jvm.cpp, line 1248]
Event: 0.885 Thread 0x0000000002386800 Exception <a 'java/security/PrivilegedActionException'> (0x00000000a247bb40) thrown at [D:\re\workspace\8-2-build-windows-amd64-cygwin\jdk8u5\2488\hotspot\src\share\vm\prims\jvm.cpp, line 1248]
Event: 0.885 Thread 0x0000000002386800 Exception <a 'java/security/PrivilegedActionException'> (0x00000000a248b960) thrown at [D:\re\workspace\8-2-build-windows-amd64-cygwin\jdk8u5\2488\hotspot\src\share\vm\prims\jvm.cpp, line 1248]
Event: 0.885 Thread 0x0000000002386800 Exception <a 'java/security/PrivilegedActionException'> (0x00000000a2494cf8) thrown at [D:\re\workspace\8-2-build-windows-amd64-cygwin\jdk8u5\2488\hotspot\src\share\vm\prims\jvm.cpp, line 1248]
Event: 0.886 Thread 0x0000000002386800 Exception <a 'java/security/PrivilegedActionException'> (0x00000000a249b078) thrown at [D:\re\workspace\8-2-build-windows-amd64-cygwin\jdk8u5\2488\hotspot\src\share\vm\prims\jvm.cpp, line 1248]
Event: 0.886 Thread 0x0000000002386800 Exception <a 'java/security/PrivilegedActionException'> (0x00000000a24a43e0) thrown at [D:\re\workspace\8-2-build-windows-amd64-cygwin\jdk8u5\2488\hotspot\src\share\vm\prims\jvm.cpp, line 1248]
Event: 0.895 Thread 0x0000000002386800 Exception <a 'java/lang/ClassNotFoundException': com/sun/org/glassfish/hk2/osgiresourcelocator/ServiceLoader> (0x00000000a24da6c0) thrown at [D:\re\workspace\8-2-build-windows-amd64-cygwin\jdk8u5\2488\hotspot\src\share\vm\classfile\systemDictionary.cpp, li(7@·ì?
Event: 0.897 Thread 0x0000000002386800 Exception <a 'java/security/PrivilegedActionException'> (0x00000000a241bf58) thrown at [D:\re\workspace\8-2-build-windows-amd64-cygwin\jdk8u5\2488\hotspot\src\share\vm\prims\jvm.cpp, line 1248]
Event: 0.898 Thread 0x0000000002386800 Exception <a 'java/security/PrivilegedActionException'> (0x00000000a24252b8) thrown at [D:\re\workspace\8-2-build-windows-amd64-cygwin\jdk8u5\2488\hotspot\src\share\vm\prims\jvm.cpp, line 1248]

Events (10 events):
Event: 0.886 loading class java/lang/ObjectFactory
Event: 0.886 loading class java/lang/ObjectFactory done
Event: 0.887 Executing VM operation: GenCollectForAllocation
Event: 0.888 Executing VM operation: GenCollectForAllocation done
Event: 0.895 loading class com/sun/org/glassfish/hk2/osgiresourcelocator/ServiceLoader
Event: 0.895 loading class com/sun/org/glassfish/hk2/osgiresourcelocator/ServiceLoader done
Event: 0.896 Executing VM operation: GenCollectForAllocation
Event: 0.897 Executing VM operation: GenCollectForAllocation done
Event: 0.897 loading class java/lang/ObjectFactory
Event: 0.897 loading class java/lang/ObjectFactory done


Dynamic libraries:
0x00007ff69dbd0000 - 0x00007ff69dc04000 	C:\intelfpga_lite\18.1\quartus\bin64\jre64\bin\java.exe
0x00007ffd66680000 - 0x00007ffd6686d000 	C:\WINDOWS\SYSTEM32\ntdll.dll
0x00007ffd66170000 - 0x00007ffd66223000 	C:\WINDOWS\System32\KERNEL32.DLL
0x00007ffd629c0000 - 0x00007ffd62c53000 	C:\WINDOWS\System32\KERNELBASE.dll
0x00007ffd63930000 - 0x00007ffd639d3000 	C:\WINDOWS\System32\ADVAPI32.dll
0x00007ffd66410000 - 0x00007ffd664ae000 	C:\WINDOWS\System32\msvcrt.dll
0x00007ffd63f70000 - 0x00007ffd6400e000 	C:\WINDOWS\System32\sechost.dll
0x00007ffd644f0000 - 0x00007ffd64613000 	C:\WINDOWS\System32\RPCRT4.dll
0x00007ffd664b0000 - 0x00007ffd66647000 	C:\WINDOWS\System32\USER32.dll
0x00007ffd62e40000 - 0x00007ffd62e60000 	C:\WINDOWS\System32\win32u.dll
0x00007ffd662b0000 - 0x00007ffd662d9000 	C:\WINDOWS\System32\GDI32.dll
0x00007ffd62ed0000 - 0x00007ffd6306a000 	C:\WINDOWS\System32\gdi32full.dll
0x00007ffd637c0000 - 0x00007ffd63860000 	C:\WINDOWS\System32\msvcp_win.dll
0x00007ffd62d40000 - 0x00007ffd62e3c000 	C:\WINDOWS\System32\ucrtbase.dll
0x00007ffd50910000 - 0x00007ffd50b89000 	C:\WINDOWS\WinSxS\amd64_microsoft.windows.common-controls_6595b64144ccf1df_6.0.17763.1_none_f040600eff408c2d\COMCTL32.dll
0x00007ffd63c40000 - 0x00007ffd63f6e000 	C:\WINDOWS\System32\combase.dll
0x00007ffd62c60000 - 0x00007ffd62cde000 	C:\WINDOWS\System32\bcryptPrimitives.dll
0x00007ffd63b60000 - 0x00007ffd63b8e000 	C:\WINDOWS\System32\IMM32.DLL
0x0000000067920000 - 0x00000000679f2000 	C:\intelfpga_lite\18.1\quartus\bin64\jre64\bin\msvcr100.dll
0x00000000668e0000 - 0x000000006710a000 	C:\intelfpga_lite\18.1\quartus\bin64\jre64\bin\server\jvm.dll
0x00007ffd66160000 - 0x00007ffd66168000 	C:\WINDOWS\System32\PSAPI.DLL
0x00007ffd28b30000 - 0x00007ffd28b39000 	C:\WINDOWS\SYSTEM32\WSOCK32.dll
0x00007ffd607b0000 - 0x00007ffd607d4000 	C:\WINDOWS\SYSTEM32\WINMM.dll
0x00007ffd63a40000 - 0x00007ffd63aad000 	C:\WINDOWS\System32\WS2_32.dll
0x00007ffd60690000 - 0x00007ffd606bd000 	C:\WINDOWS\SYSTEM32\WINMMBASE.dll
0x00007ffd62e80000 - 0x00007ffd62eca000 	C:\WINDOWS\System32\cfgmgr32.dll
0x0000000067910000 - 0x000000006791f000 	C:\intelfpga_lite\18.1\quartus\bin64\jre64\bin\verify.dll
0x00000000678e0000 - 0x0000000067908000 	C:\intelfpga_lite\18.1\quartus\bin64\jre64\bin\java.dll
0x00000000678c0000 - 0x00000000678d6000 	C:\intelfpga_lite\18.1\quartus\bin64\jre64\bin\zip.dll
0x00007ffd64a30000 - 0x00007ffd65f1f000 	C:\WINDOWS\System32\SHELL32.dll
0x00007ffd63ab0000 - 0x00007ffd63b58000 	C:\WINDOWS\System32\shcore.dll
0x00007ffd63070000 - 0x00007ffd637b8000 	C:\WINDOWS\System32\windows.storage.dll
0x00007ffd62780000 - 0x00007ffd627a4000 	C:\WINDOWS\System32\profapi.dll
0x00007ffd62720000 - 0x00007ffd6277d000 	C:\WINDOWS\System32\powrprof.dll
0x00007ffd64870000 - 0x00007ffd648c2000 	C:\WINDOWS\System32\shlwapi.dll
0x00007ffd62700000 - 0x00007ffd62711000 	C:\WINDOWS\System32\kernel.appcore.dll
0x00007ffd62e60000 - 0x00007ffd62e77000 	C:\WINDOWS\System32\cryptsp.dll

VM Arguments:
jvm_args: -Xmx1500M -XX:+UseSerialGC 
java_command: com.altera.sopcmodel.sbtools.sbcatalog.SbCatalog --xml --project-directory= --search-path=G:/fpga-brain/,G:\fpga-brain
java_class_path (initial): C:/intelfpga_lite/18.1/quartus/sopc_builder/model/lib\Nlview.jar;C:/intelfpga_lite/18.1/quartus/sopc_builder/model/lib\QuickServer.jar;C:/intelfpga_lite/18.1/quartus/sopc_builder/model/lib\TableLayout.jar;C:/intelfpga_lite/18.1/quartus/sopc_builder/model/lib\appframework-1.03.jar;C:/intelfpga_lite/18.1/quartus/sopc_builder/model/lib\asm-3.1.jar;C:/intelfpga_lite/18.1/quartus/sopc_builder/model/lib\asm-commons-3.1.jar;C:/intelfpga_lite/18.1/quartus/sopc_builder/model/lib\basicmodel.jar;C:/intelfpga_lite/18.1/quartus/sopc_builder/model/lib\beansbinding-1.2.1.jar;C:/intelfpga_lite/18.1/quartus/sopc_builder/model/lib\binding-2.0.6.jar;C:/intelfpga_lite/18.1/quartus/sopc_builder/model/lib\com.altera.componenteditor2.jar;C:/intelfpga_lite/18.1/quartus/sopc_builder/model/lib\com.altera.embeddedsw.app_lib.jar;C:/intelfpga_lite/18.1/quartus/sopc_builder/model/lib\com.altera.embeddedsw.bsp.editor.jar;C:/intelfpga_lite/18.1/quartus/sopc_builder/model/lib\com.altera.embeddedsw.bsp.elements.jar;C:/intelfpga_lite/18.1/quartus/sopc_builder/model/lib\com.altera.embeddedsw.bsp.jar;C:/intelfpga_lite/18.1/quartus/sopc_builder/model/lib\com.altera.embeddedsw.bsp.plugin.core.jar;C:/intelfpga_lite/18.1/quartus/sopc_builder/model/lib\com.altera.embeddedsw.bsp.plugin.hal.jar;C:/intelfpga_lite/18.1/quartus/sopc_builder/model/lib\com.altera.embeddedsw.bsp.plugin.lwhal.jar;C:/intelfpga_lite/18.1/quartus/sopc_builder/model/lib\com.altera.embeddedsw.bsp.schema.jar;C:/intelfpga_lite/18.1/quartus/sopc_builder/model/lib\com.altera.embeddedsw.bsp.scripting.jar;C:/intelfpga_lite/18.1/quartus/sopc_builder/model/lib\com.altera.embeddedsw.commandline.jar;C:/intelfpga_lite/18.1/quartus/sopc_builder/model/lib\com.altera.embeddedsw.cpexample.jar;C:/intelfpga_lite/18.1/quartus/sopc_builder/model/lib\com.altera.embeddedsw.flash.jar;C:/intelfpga_lite/18.1/quartus/sopc_builder/model/lib\com.altera.embeddedsw.launch.jar;C:/intelfpga_lite/18.1/quartus/sopc_builder/model/lib\com.alte
Launcher Type: SUN_STANDARD

Environment Variables:
PATH=C:/intelfpga_lite/18.1/quartus/bin64;c:\intelfpga_lite\18.1\quartus\bin64\;c:\intelfpga_lite\18.1\quartus\bin64\;C:\WINDOWS\system32;C:\WINDOWS;C:\WINDOWS\System32\Wbem;C:\WINDOWS\System32\WindowsPowerShell\v1.0\;C:\WINDOWS\System32\OpenSSH\;C:\Users\gdr\AppData\Local\Microsoft\WindowsApps;;C:\intelFPGA\18.1\modelsim_ase\win32aloem
USERNAME=gdr
OS=Windows_NT
PROCESSOR_IDENTIFIER=Intel64 Family 6 Model 94 Stepping 3, GenuineIntel



---------------  S Y S T E M  ---------------

OS: Windows 8.1 , 64 bit Build 9600 

CPU:total 4 (4 cores per cpu, 1 threads per core) family 6 model 94 stepping 3, cmov, cx8, fxsr, mmx, sse, sse2, sse3, ssse3, sse4.1, sse4.2, popcnt, avx, avx2, aes, clmul, tsc, tscinvbit

Memory: 4k page, physical 10268212k(5679532k free), swap 16650356k(5124k free)

vm_info: Java HotSpot(TM) 64-Bit Server VM (25.5-b02) for windows-amd64 JRE (1.8.0_05-b13), built on Mar 18 2014 01:08:39 by "java_re" with MS VC++ 10.0 (VS2010)

time: Fri Sep 13 13:09:56 2019
elapsed time: 0 seconds

